<?xml version="1.0" encoding="UTF-8"?>
<!-- Generated by org.testng.reporters.JUnitReportReporter -->
<testsuite hostname="basu.local" failures="0" tests="1" name="testCases.TC00_Accountregistration" time="41.848" errors="0" timestamp="2024-12-30T15:49:07 IST" skipped="0">
  <testcase classname="testCases.TC00_Accountregistration" name="verifiy_account_registration" time="41.848"/>
</testsuite> <!-- testCases.TC00_Accountregistration -->
